This is TeX, Version 3.14159 (Web2C 7.2) (format=latex 1998.4.22)  7 AUG 1998 14:04
**./images.tex
(./images.tex
LaTeX2e <1997/12/01> patch level 2
Babel <v3.6j> and hyphenation patterns for american, french, german, dutch, noh
yphenation, loaded.

(/home/akuchlin/src/Python-1.5/Doc/texinputs/howto.cls
Document Class: howto 1998/02/25 Document class (Python HOWTO)
(/depot/tetex/texmf/tex/latex/base/article.cls
Document Class: article 1997/10/10 v1.3x Standard LaTeX document class
(/depot/tetex/texmf/tex/latex/base/size10.clo
File: size10.clo 1997/10/10 v1.3x Standard LaTeX file (size option)
)
\c@part=\count79
\c@section=\count80
\c@subsection=\count81
\c@subsubsection=\count82
\c@paragraph=\count83
\c@subparagraph=\count84
\c@figure=\count85
\c@table=\count86
\abovecaptionskip=\skip41
\belowcaptionskip=\skip42
\bibindent=\dimen102
) (/depot/tetex/texmf/tex/latex/fancyhdr/fancyhdr.sty
\headwidth=\dimen103
)
Using fancier footers than usual.
(/home/akuchlin/src/Python-1.5/Doc/texinputs/python.sty
Package: python 1998/01/11 LaTeX package (Python markup)
\py@codewidth=\skip43
\py@ModSynopsisFile=\write3
)) (/depot/tetex/texmf/tex/latex/graphics/color.sty
Package: color 1997/09/09 v1.0f Standard LaTeX Color (DPC)
(/depot/tetex/texmf/tex/latex/config/color.cfg)
Package color Info: Driver file: dvips.def on input line 129.
(/depot/tetex/texmf/tex/latex/graphics/dvips.def
File: dvips.def 1997/09/09 v3.0e Driver-dependant file (DPC,SPQR)
) (/depot/tetex/texmf/tex/latex/graphics/dvipsnam.def
File: dvipsnam.def 1997/09/09 v3.0e Driver-dependant file (DPC,SPQR)
))
\sizebox=\box26
\lthtmlwrite=\write4
(images.aux)
\openout1 = `images.aux'.

LaTeX Font Info:    Checking defaults for OML/cmm/m/it on input line 94.
LaTeX Font Info:    ... okay on input line 94.
LaTeX Font Info:    Checking defaults for T1/cmr/m/n on input line 94.
LaTeX Font Info:    ... okay on input line 94.
LaTeX Font Info:    Checking defaults for OT1/cmr/m/n on input line 94.
LaTeX Font Info:    ... okay on input line 94.
LaTeX Font Info:    Checking defaults for OMS/cmsy/m/n on input line 94.
LaTeX Font Info:    ... okay on input line 94.
LaTeX Font Info:    Checking defaults for OMX/cmex/m/n on input line 94.
LaTeX Font Info:    ... okay on input line 94.
LaTeX Font Info:    Checking defaults for U/cmr/m/n on input line 94.
LaTeX Font Info:    ... okay on input line 94.
latex2htmlLength hsize=349.0pt
latex2htmlLength vsize=680.43pt
latex2htmlLength hoffset=0.0pt
latex2htmlLength voffset=0.0pt
latex2htmlLength topmargin=0.0pt
latex2htmlLength topskip=0.00003pt
latex2htmlLength headheight=0.0pt
latex2htmlLength headsep=0.0pt
latex2htmlLength parskip=5.69054pt
latex2htmlLength oddsidemargin=0.0pt
latex2htmlLength evensidemargin=0.0pt
l2hSize :method468:52.99055pt::1.94444pt::349.0pt.
[1


]
l2hSize :method488:82.68109pt::1.94444pt::349.0pt.
[2


] (images.aux) ) 
Here is how much of TeX's memory you used:
 833 strings out of 10910
 9859 string characters out of 72735
 53303 words of memory out of 263001
 3807 multiletter control sequences out of 10000+0
 4452 words of font info for 17 fonts, out of 200000 for 1000
 16 hyphenation exceptions out of 1000
 29i,5n,42p,219b,226s stack positions out of 300i,100n,500p,30000b,4000s

Output written on images.dvi (2 pages, 1484 bytes).
